[debug] [2022-11-12T05:35:30.410Z] ----------------------------------------------------------------------
[debug] [2022-11-12T05:35:30.417Z] Command:       C:\Program Files\nodejs\node.exe C:\Users\Kalid\AppData\Roaming\npm\node_modules\firebase-tools\lib\bin\firebase.js init
[debug] [2022-11-12T05:35:30.419Z] CLI Version:   11.15.0
[debug] [2022-11-12T05:35:30.419Z] Platform:      win32
[debug] [2022-11-12T05:35:30.420Z] Node Version:  v16.18.0
[debug] [2022-11-12T05:35:30.544Z] Time:          Sat Nov 12 2022 00:35:30 GMT-0500 (Eastern Standard Time)
[debug] [2022-11-12T05:35:30.545Z] ----------------------------------------------------------------------
[debug] 
[debug] [2022-11-12T05:35:30.575Z] >>> [apiv2][query] GET https://firebase-public.firebaseio.com/cli.json [none]
[debug] [2022-11-12T05:35:30.635Z] > command requires scopes: ["email","openid","https://www.googleapis.com/auth/cloudplatformprojects.readonly","https://www.googleapis.com/auth/firebase","https://www.googleapis.com/auth/cloud-platform"]
[debug] [2022-11-12T05:35:30.636Z] > authorizing via signed-in user (newmankal@live.com)
[info] 
     ######## #### ########  ######## ########     ###     ######  ########
     ##        ##  ##     ## ##       ##     ##  ##   ##  ##       ##
     ######    ##  ########  ######   ########  #########  ######  ######
     ##        ##  ##    ##  ##       ##     ## ##     ##       ## ##
     ##       #### ##     ## ######## ########  ##     ##  ######  ########

You're about to initialize a Firebase project in this directory:

  C:\Users\Kalid\Desktop\reactProjects\Mussiapp

[debug] [2022-11-12T05:35:31.136Z] <<< [apiv2][status] GET https://firebase-public.firebaseio.com/cli.json 200
[debug] [2022-11-12T05:35:31.138Z] <<< [apiv2][body] GET https://firebase-public.firebaseio.com/cli.json {"cloudBuildErrorAfter":1594252800000,"cloudBuildWarnAfter":1590019200000,"defaultNode10After":1594252800000,"minVersion":"3.0.5","node8DeploysDisabledAfter":1613390400000,"node8RuntimeDisabledAfter":1615809600000,"node8WarnAfter":1600128000000}
